Using pre-set license
Built from '2021.1/release' branch; Version is '2021.1.16f1 (5fa502fca597) revision 6268162'; Using compiler version '192528614'; Build Type 'Release'
OS: 'Windows 10 Pro; OS build 19044.1526; Version 2009; 64bit' Language: 'es' Physical Memory: 16322 MB
BatchMode: 1, IsHumanControllingUs: 0, StartBugReporterOnCrash: 0, Is64bit: 1, IsPro: 0

 COMMAND LINE ARGUMENTS:
C:\Program Files\Unity\Hub\Editor\2021.1.16f1\Editor\Unity.exe
-adb2
-batchMode
-noUpm
-name
AssetImportWorker0
-projectPath
C:/Users/USUARIO/Documents/Prog Forest/Diorama 1
-logFile
Logs/AssetImportWorker0.log
-srvPort
59070
Successfully changed project path to: C:/Users/USUARIO/Documents/Prog Forest/Diorama 1
C:/Users/USUARIO/Documents/Prog Forest/Diorama 1
Using Asset Import Pipeline V2.
Refreshing native plugins compatible for Editor in 90.87 ms, found 7 plugins.
Preloading 0 native plugins for Editor in 0.00 ms.
Initialize engine version: 2021.1.16f1 (5fa502fca597)
[Subsystems] Discovering subsystems at path C:/Program Files/Unity/Hub/Editor/2021.1.16f1/Editor/Data/Resources/UnitySubsystems
[Subsystems] Discovering subsystems at path C:/Users/USUARIO/Documents/Prog Forest/Diorama 1/Assets
GfxDevice: creating device client; threaded=0; jobified=0
Direct3D:
    Version:  Direct3D 11.0 [level 11.1]
    Renderer: NVIDIA GeForce GTX 1650 (ID=0x2188)
    Vendor:   NVIDIA
    VRAM:     3962 MB
    Driver:   27.21.14.6140
Initialize mono
Mono path[0] = 'C:/Program Files/Unity/Hub/Editor/2021.1.16f1/Editor/Data/Managed'
Mono path[1] = 'C:/Program Files/Unity/Hub/Editor/2021.1.16f1/Editor/Data/MonoBleedingEdge/lib/mono/unityjit'
Mono config path = 'C:/Program Files/Unity/Hub/Editor/2021.1.16f1/Editor/Data/MonoBleedingEdge/etc'
Using monoOptions --debugger-agent=transport=dt_socket,embedding=1,server=y,suspend=n,address=127.0.0.1:56744
Begin MonoManager ReloadAssembly
Registering precompiled unity dll's ...
Register platform support module: C:/Program Files/Unity/Hub/Editor/2021.1.16f1/Editor/Data/PlaybackEngines/MacStandaloneSupport/UnityEditor.OSXStandalone.Extensions.dll
Register platform support module: C:/Program Files/Unity/Hub/Editor/2021.1.16f1/Editor/Data/PlaybackEngines/WindowsStandaloneSupport/UnityEditor.WindowsStandalone.Extensions.dll
Registered in 0.001969 seconds.
Native extension for WindowsStandalone target not found
Native extension for OSXStandalone target not found
Refreshing native plugins compatible for Editor in 91.08 ms, found 7 plugins.
Preloading 0 native plugins for Editor in 0.00 ms.
Mono: successfully reloaded assembly
- Completed reload, in  1.152 seconds
Domain Reload Profiling:
	ReloadAssembly (1152ms)
		BeginReloadAssembly (60ms)
			ExecutionOrderSort (0ms)
			DisableScriptedObjects (0ms)
			BackupInstance (0ms)
			ReleaseScriptingObjects (0ms)
			CreateAndSetChildDomain (1ms)
		EndReloadAssembly (455ms)
			LoadAssemblies (59ms)
			RebuildTransferFunctionScriptingTraits (0ms)
			SetupTypeCache (161ms)
			ReleaseScriptCaches (0ms)
			RebuildScriptCaches (30ms)
			SetupLoadedEditorAssemblies (218ms)
				LogAssemblyErrors (0ms)
				InitializePlatformSupportModulesInManaged (6ms)
				SetLoadedEditorAssemblies (0ms)
				RefreshPlugins (91ms)
				BeforeProcessingInitializeOnLoad (1ms)
				ProcessInitializeOnLoadAttributes (91ms)
				ProcessInitializeOnLoadMethodAttributes (28ms)
				AfterProcessingInitializeOnLoad (0ms)
				EditorAssembliesLoaded (0ms)
			ExecutionOrderSort2 (0ms)
			AwakeInstancesAfterBackupRestoration (0ms)
Platform modules already initialized, skipping
Registering precompiled user dll's ...
Registered in 0.006302 seconds.
Begin MonoManager ReloadAssembly
Symbol file LoadedFromMemory doesn't match image C:\Users\USUARIO\Documents\Prog Forest\Diorama 1\Library\PackageCache\com.unity.visualscripting@1.7.6\Editor\VisualScripting.Core\Dependencies\YamlDotNet\Unity.VisualScripting.YamlDotNet.dll
Symbol file LoadedFromMemory doesn't match image C:\Users\USUARIO\Documents\Prog Forest\Diorama 1\Library\PackageCache\com.unity.visualscripting@1.7.6\Editor\VisualScripting.Core\Dependencies\DotNetZip\Unity.VisualScripting.IonicZip.dll
Native extension for WindowsStandalone target not found
Native extension for OSXStandalone target not found
Refreshing native plugins compatible for Editor in 91.49 ms, found 7 plugins.
Preloading 0 native plugins for Editor in 0.00 ms.
Mono: successfully reloaded assembly
- Completed reload, in  1.261 seconds
Domain Reload Profiling:
	ReloadAssembly (1262ms)
		BeginReloadAssembly (146ms)
			ExecutionOrderSort (0ms)
			DisableScriptedObjects (4ms)
			BackupInstance (0ms)
			ReleaseScriptingObjects (0ms)
			CreateAndSetChildDomain (20ms)
		EndReloadAssembly (1058ms)
			LoadAssemblies (97ms)
			RebuildTransferFunctionScriptingTraits (0ms)
			SetupTypeCache (377ms)
			ReleaseScriptCaches (1ms)
			RebuildScriptCaches (59ms)
			SetupLoadedEditorAssemblies (437ms)
				LogAssemblyErrors (0ms)
				InitializePlatformSupportModulesInManaged (4ms)
				SetLoadedEditorAssemblies (0ms)
				RefreshPlugins (92ms)
				BeforeProcessingInitializeOnLoad (88ms)
				ProcessInitializeOnLoadAttributes (239ms)
				ProcessInitializeOnLoadMethodAttributes (9ms)
				AfterProcessingInitializeOnLoad (5ms)
				EditorAssembliesLoaded (0ms)
			ExecutionOrderSort2 (0ms)
			AwakeInstancesAfterBackupRestoration (6ms)
Platform modules already initialized, skipping
========================================================================
Worker process is ready to serve import requests
Launched and connected shader compiler UnityShaderCompiler.exe after 0.07 seconds
Refreshing native plugins compatible for Editor in 0.71 ms, found 7 plugins.
Preloading 0 native plugins for Editor in 0.00 ms.
Unloading 4480 Unused Serialized files (Serialized files now loaded: 0)
System memory in use before: 155.7 MB.
System memory in use after: 155.6 MB.

Unloading 47 unused Assets to reduce memory usage. Loaded Objects now: 4913.
Total: 3.758800 ms (FindLiveObjects: 0.349000 ms CreateObjectMapping: 0.184700 ms MarkObjects: 2.996600 ms  DeleteObjects: 0.227500 ms)

AssetImportParameters requested are different than current active one (requested -> active):
  custom:framework-win-MediaFoundation: 216162199b28c13a410421893ffa2e32 -> 
  custom:video-decoder-ogg-theora: a1e56fd34408186e4bbccfd4996cb3dc -> 
  custom:container-muxer-webm: aa71ff27fc2769a1b78a27578f13a17b -> 
  custom:container-demuxer-webm: 4f35f7cbe854078d1ac9338744f61a02 -> 
  custom:container-demuxer-ogg: 62fdf1f143b41e24485cea50d1cbac27 -> 
  custom:video-encoder-webm-vp8: eb34c28f22e8b96e1ab97ce403110664 -> 
  custom:video-decoder-webm-vp8: 9c59270c3fd7afecdb556c50c9e8de78 -> 
  custom:audio-decoder-ogg-vorbis: bf7c407c2cedff20999df2af8eb42d56 -> 
  custom:audio-encoder-webm-vorbis: bf7c407c2cedff20999df2af8eb42d56 -> 
========================================================================
Received Import Request.
  path: Assets/Assets/Animaciones/Arbol 1 Con.controller
  artifactKey: Guid(c7bd87a6011520f409f52e79c41ea81c) Importer(815301076,1909f56bfc062723c751e8b465ee728b)
Start importing Assets/Assets/Animaciones/Arbol 1 Con.controller using Guid(c7bd87a6011520f409f52e79c41ea81c) Importer(815301076,1909f56bfc062723c751e8b465ee728b)  -> (artifact id: '88d1eee24d9d0d2672c69a3fa27e77f4') in 0.044241 seconds 
========================================================================
Received Prepare
Registering precompiled user dll's ...
Registered in 0.005764 seconds.
Begin MonoManager ReloadAssembly
Symbol file LoadedFromMemory doesn't match image C:\Users\USUARIO\Documents\Prog Forest\Diorama 1\Library\PackageCache\com.unity.visualscripting@1.7.6\Editor\VisualScripting.Core\Dependencies\YamlDotNet\Unity.VisualScripting.YamlDotNet.dll
Symbol file LoadedFromMemory doesn't match image C:\Users\USUARIO\Documents\Prog Forest\Diorama 1\Library\PackageCache\com.unity.visualscripting@1.7.6\Editor\VisualScripting.Core\Dependencies\DotNetZip\Unity.VisualScripting.IonicZip.dll
Native extension for WindowsStandalone target not found
Native extension for OSXStandalone target not found
Refreshing native plugins compatible for Editor in 0.72 ms, found 7 plugins.
Preloading 0 native plugins for Editor in 0.00 ms.
Mono: successfully reloaded assembly
- Completed reload, in  1.073 seconds
Domain Reload Profiling:
	ReloadAssembly (1073ms)
		BeginReloadAssembly (127ms)
			ExecutionOrderSort (0ms)
			DisableScriptedObjects (4ms)
			BackupInstance (0ms)
			ReleaseScriptingObjects (0ms)
			CreateAndSetChildDomain (37ms)
		EndReloadAssembly (891ms)
			LoadAssemblies (92ms)
			RebuildTransferFunctionScriptingTraits (0ms)
			SetupTypeCache (363ms)
			ReleaseScriptCaches (1ms)
			RebuildScriptCaches (47ms)
			SetupLoadedEditorAssemblies (298ms)
				LogAssemblyErrors (0ms)
				InitializePlatformSupportModulesInManaged (5ms)
				SetLoadedEditorAssemblies (0ms)
				RefreshPlugins (1ms)
				BeforeProcessingInitializeOnLoad (67ms)
				ProcessInitializeOnLoadAttributes (210ms)
				ProcessInitializeOnLoadMethodAttributes (9ms)
				AfterProcessingInitializeOnLoad (5ms)
				EditorAssembliesLoaded (0ms)
			ExecutionOrderSort2 (0ms)
			AwakeInstancesAfterBackupRestoration (9ms)
Platform modules already initialized, skipping
Refreshing native plugins compatible for Editor in 0.72 ms, found 7 plugins.
Preloading 0 native plugins for Editor in 0.00 ms.
Unloading 4453 Unused Serialized files (Serialized files now loaded: 0)
System memory in use before: 153.6 MB.
System memory in use after: 153.5 MB.

Unloading 30 unused Assets to reduce memory usage. Loaded Objects now: 4927.
Total: 3.257900 ms (FindLiveObjects: 0.328800 ms CreateObjectMapping: 0.208300 ms MarkObjects: 2.508800 ms  DeleteObjects: 0.211200 ms)

AssetImportParameters requested are different than current active one (requested -> active):
  custom:framework-win-MediaFoundation: 216162199b28c13a410421893ffa2e32 -> 
  custom:video-decoder-ogg-theora: a1e56fd34408186e4bbccfd4996cb3dc -> 
  custom:container-muxer-webm: aa71ff27fc2769a1b78a27578f13a17b -> 
  custom:container-demuxer-webm: 4f35f7cbe854078d1ac9338744f61a02 -> 
  custom:container-demuxer-ogg: 62fdf1f143b41e24485cea50d1cbac27 -> 
  custom:video-encoder-webm-vp8: eb34c28f22e8b96e1ab97ce403110664 -> 
  custom:video-decoder-webm-vp8: 9c59270c3fd7afecdb556c50c9e8de78 -> 
  custom:audio-decoder-ogg-vorbis: bf7c407c2cedff20999df2af8eb42d56 -> 
  custom:audio-encoder-webm-vorbis: bf7c407c2cedff20999df2af8eb42d56 -> 
========================================================================
Received Prepare
Registering precompiled user dll's ...
Registered in 0.005760 seconds.
Begin MonoManager ReloadAssembly
Symbol file LoadedFromMemory doesn't match image C:\Users\USUARIO\Documents\Prog Forest\Diorama 1\Library\PackageCache\com.unity.visualscripting@1.7.6\Editor\VisualScripting.Core\Dependencies\YamlDotNet\Unity.VisualScripting.YamlDotNet.dll
Symbol file LoadedFromMemory doesn't match image C:\Users\USUARIO\Documents\Prog Forest\Diorama 1\Library\PackageCache\com.unity.visualscripting@1.7.6\Editor\VisualScripting.Core\Dependencies\DotNetZip\Unity.VisualScripting.IonicZip.dll
Native extension for WindowsStandalone target not found
Native extension for OSXStandalone target not found
Refreshing native plugins compatible for Editor in 0.84 ms, found 7 plugins.
Preloading 0 native plugins for Editor in 0.00 ms.
Mono: successfully reloaded assembly
- Completed reload, in  1.154 seconds
Domain Reload Profiling:
	ReloadAssembly (1154ms)
		BeginReloadAssembly (139ms)
			ExecutionOrderSort (0ms)
			DisableScriptedObjects (5ms)
			BackupInstance (0ms)
			ReleaseScriptingObjects (0ms)
			CreateAndSetChildDomain (45ms)
		EndReloadAssembly (950ms)
			LoadAssemblies (105ms)
			RebuildTransferFunctionScriptingTraits (0ms)
			SetupTypeCache (403ms)
			ReleaseScriptCaches (1ms)
			RebuildScriptCaches (48ms)
			SetupLoadedEditorAssemblies (310ms)
				LogAssemblyErrors (0ms)
				InitializePlatformSupportModulesInManaged (5ms)
				SetLoadedEditorAssemblies (0ms)
				RefreshPlugins (1ms)
				BeforeProcessingInitializeOnLoad (73ms)
				ProcessInitializeOnLoadAttributes (215ms)
				ProcessInitializeOnLoadMethodAttributes (9ms)
				AfterProcessingInitializeOnLoad (6ms)
				EditorAssembliesLoaded (0ms)
			ExecutionOrderSort2 (0ms)
			AwakeInstancesAfterBackupRestoration (6ms)
Platform modules already initialized, skipping
Refreshing native plugins compatible for Editor in 0.75 ms, found 7 plugins.
Preloading 0 native plugins for Editor in 0.00 ms.
Unloading 4453 Unused Serialized files (Serialized files now loaded: 0)
System memory in use before: 153.7 MB.
System memory in use after: 153.6 MB.

Unloading 30 unused Assets to reduce memory usage. Loaded Objects now: 4941.
Total: 3.230700 ms (FindLiveObjects: 0.313300 ms CreateObjectMapping: 0.204400 ms MarkObjects: 2.504100 ms  DeleteObjects: 0.208200 ms)

AssetImportParameters requested are different than current active one (requested -> active):
  custom:framework-win-MediaFoundation: 216162199b28c13a410421893ffa2e32 -> 
  custom:video-decoder-ogg-theora: a1e56fd34408186e4bbccfd4996cb3dc -> 
  custom:container-muxer-webm: aa71ff27fc2769a1b78a27578f13a17b -> 
  custom:container-demuxer-webm: 4f35f7cbe854078d1ac9338744f61a02 -> 
  custom:container-demuxer-ogg: 62fdf1f143b41e24485cea50d1cbac27 -> 
  custom:video-encoder-webm-vp8: eb34c28f22e8b96e1ab97ce403110664 -> 
  custom:video-decoder-webm-vp8: 9c59270c3fd7afecdb556c50c9e8de78 -> 
  custom:audio-decoder-ogg-vorbis: bf7c407c2cedff20999df2af8eb42d56 -> 
  custom:audio-encoder-webm-vorbis: bf7c407c2cedff20999df2af8eb42d56 -> 
========================================================================
Received Import Request.
  Time since last request: 603.293361 seconds.
  path: Assets/Assets/AssetsDio/arbol1.fbx
  artifactKey: Guid(161c40148a9778d40909f2eae043be7a) Importer(815301076,1909f56bfc062723c751e8b465ee728b)
Start importing Assets/Assets/AssetsDio/arbol1.fbx using Guid(161c40148a9778d40909f2eae043be7a) Importer(815301076,1909f56bfc062723c751e8b465ee728b)  -> (artifact id: '06ae4ffe8d27dd60aaafe74b38d0f3bd') in 0.408825 seconds 
========================================================================
Received Import Request.
  Time since last request: 30.412606 seconds.
  path: Assets/Assets/AssetsDio/arbol1.fbx
  artifactKey: Guid(161c40148a9778d40909f2eae043be7a) Importer(815301076,1909f56bfc062723c751e8b465ee728b)
Start importing Assets/Assets/AssetsDio/arbol1.fbx using Guid(161c40148a9778d40909f2eae043be7a) Importer(815301076,1909f56bfc062723c751e8b465ee728b)  -> (artifact id: '7efc62ded782127f22b8e4eb82be7508') in 0.056019 seconds 
========================================================================
Received Prepare
Registering precompiled user dll's ...
Registered in 0.006034 seconds.
Begin MonoManager ReloadAssembly
Symbol file LoadedFromMemory doesn't match image C:\Users\USUARIO\Documents\Prog Forest\Diorama 1\Library\PackageCache\com.unity.visualscripting@1.7.6\Editor\VisualScripting.Core\Dependencies\YamlDotNet\Unity.VisualScripting.YamlDotNet.dll
Symbol file LoadedFromMemory doesn't match image C:\Users\USUARIO\Documents\Prog Forest\Diorama 1\Library\PackageCache\com.unity.visualscripting@1.7.6\Editor\VisualScripting.Core\Dependencies\DotNetZip\Unity.VisualScripting.IonicZip.dll
Native extension for WindowsStandalone target not found
Native extension for OSXStandalone target not found
Refreshing native plugins compatible for Editor in 0.73 ms, found 7 plugins.
Preloading 0 native plugins for Editor in 0.00 ms.
Mono: successfully reloaded assembly
- Completed reload, in  1.044 seconds
Domain Reload Profiling:
	ReloadAssembly (1044ms)
		BeginReloadAssembly (117ms)
			ExecutionOrderSort (0ms)
			DisableScriptedObjects (4ms)
			BackupInstance (0ms)
			ReleaseScriptingObjects (0ms)
			CreateAndSetChildDomain (39ms)
		EndReloadAssembly (872ms)
			LoadAssemblies (91ms)
			RebuildTransferFunctionScriptingTraits (0ms)
			SetupTypeCache (350ms)
			ReleaseScriptCaches (1ms)
			RebuildScriptCaches (47ms)
			SetupLoadedEditorAssemblies (295ms)
				LogAssemblyErrors (0ms)
				InitializePlatformSupportModulesInManaged (5ms)
				SetLoadedEditorAssemblies (0ms)
				RefreshPlugins (1ms)
				BeforeProcessingInitializeOnLoad (68ms)
				ProcessInitializeOnLoadAttributes (207ms)
				ProcessInitializeOnLoadMethodAttributes (9ms)
				AfterProcessingInitializeOnLoad (5ms)
				EditorAssembliesLoaded (0ms)
			ExecutionOrderSort2 (0ms)
			AwakeInstancesAfterBackupRestoration (6ms)
Platform modules already initialized, skipping
Refreshing native plugins compatible for Editor in 0.73 ms, found 7 plugins.
Preloading 0 native plugins for Editor in 0.00 ms.
Unloading 4453 Unused Serialized files (Serialized files now loaded: 0)
System memory in use before: 172.2 MB.
System memory in use after: 172.1 MB.

Unloading 30 unused Assets to reduce memory usage. Loaded Objects now: 4999.
Total: 3.224900 ms (FindLiveObjects: 0.315500 ms CreateObjectMapping: 0.190900 ms MarkObjects: 2.516800 ms  DeleteObjects: 0.200900 ms)

AssetImportParameters requested are different than current active one (requested -> active):
  custom:framework-win-MediaFoundation: 216162199b28c13a410421893ffa2e32 -> 
  custom:video-decoder-ogg-theora: a1e56fd34408186e4bbccfd4996cb3dc -> 
  custom:container-muxer-webm: aa71ff27fc2769a1b78a27578f13a17b -> 
  custom:container-demuxer-webm: 4f35f7cbe854078d1ac9338744f61a02 -> 
  custom:container-demuxer-ogg: 62fdf1f143b41e24485cea50d1cbac27 -> 
  custom:video-encoder-webm-vp8: eb34c28f22e8b96e1ab97ce403110664 -> 
  custom:video-decoder-webm-vp8: 9c59270c3fd7afecdb556c50c9e8de78 -> 
  custom:audio-decoder-ogg-vorbis: bf7c407c2cedff20999df2af8eb42d56 -> 
  custom:audio-encoder-webm-vorbis: bf7c407c2cedff20999df2af8eb42d56 -> 
========================================================================
Received Import Request.
  Time since last request: 465.304161 seconds.
  path: Assets/Assets/AssetsDio/arbol1.fbx
  artifactKey: Guid(161c40148a9778d40909f2eae043be7a) Importer(815301076,1909f56bfc062723c751e8b465ee728b)
Start importing Assets/Assets/AssetsDio/arbol1.fbx using Guid(161c40148a9778d40909f2eae043be7a) Importer(815301076,1909f56bfc062723c751e8b465ee728b)  -> (artifact id: 'b2f3c80432f24ea7fd0129cd7b8781c7') in 0.084919 seconds 
========================================================================
Received Import Request.
  Time since last request: 116.195064 seconds.
  path: Assets/Assets/AssetsDio/arbol1.fbx
  artifactKey: Guid(161c40148a9778d40909f2eae043be7a) Importer(815301076,1909f56bfc062723c751e8b465ee728b)
Start importing Assets/Assets/AssetsDio/arbol1.fbx using Guid(161c40148a9778d40909f2eae043be7a) Importer(815301076,1909f56bfc062723c751e8b465ee728b)  -> (artifact id: 'edf3c89f2a1e9d0c867a1bc6a4026619') in 0.043163 seconds 
========================================================================
Received Import Request.
  Time since last request: 40.176998 seconds.
  path: Assets/Assets/AssetsDio/arbol1.fbx
  artifactKey: Guid(161c40148a9778d40909f2eae043be7a) Importer(815301076,1909f56bfc062723c751e8b465ee728b)
Start importing Assets/Assets/AssetsDio/arbol1.fbx using Guid(161c40148a9778d40909f2eae043be7a) Importer(815301076,1909f56bfc062723c751e8b465ee728b)  -> (artifact id: '9b616db0845c944aebbd99beb2b218e0') in 0.021529 seconds 
========================================================================
Received Prepare
Registering precompiled user dll's ...
Registered in 0.005932 seconds.
Begin MonoManager ReloadAssembly
Symbol file LoadedFromMemory doesn't match image C:\Users\USUARIO\Documents\Prog Forest\Diorama 1\Library\PackageCache\com.unity.visualscripting@1.7.6\Editor\VisualScripting.Core\Dependencies\YamlDotNet\Unity.VisualScripting.YamlDotNet.dll
Symbol file LoadedFromMemory doesn't match image C:\Users\USUARIO\Documents\Prog Forest\Diorama 1\Library\PackageCache\com.unity.visualscripting@1.7.6\Editor\VisualScripting.Core\Dependencies\DotNetZip\Unity.VisualScripting.IonicZip.dll
Native extension for WindowsStandalone target not found
Native extension for OSXStandalone target not found
Refreshing native plugins compatible for Editor in 0.79 ms, found 7 plugins.
Preloading 0 native plugins for Editor in 0.00 ms.
Mono: successfully reloaded assembly
- Completed reload, in  1.065 seconds
Domain Reload Profiling:
	ReloadAssembly (1066ms)
		BeginReloadAssembly (122ms)
			ExecutionOrderSort (0ms)
			DisableScriptedObjects (4ms)
			BackupInstance (0ms)
			ReleaseScriptingObjects (0ms)
			CreateAndSetChildDomain (39ms)
		EndReloadAssembly (887ms)
			LoadAssemblies (96ms)
			RebuildTransferFunctionScriptingTraits (0ms)
			SetupTypeCache (359ms)
			ReleaseScriptCaches (2ms)
			RebuildScriptCaches (47ms)
			SetupLoadedEditorAssemblies (298ms)
				LogAssemblyErrors (0ms)
				InitializePlatformSupportModulesInManaged (5ms)
				SetLoadedEditorAssemblies (0ms)
				RefreshPlugins (1ms)
				BeforeProcessingInitializeOnLoad (68ms)
				ProcessInitializeOnLoadAttributes (210ms)
				ProcessInitializeOnLoadMethodAttributes (9ms)
				AfterProcessingInitializeOnLoad (5ms)
				EditorAssembliesLoaded (0ms)
			ExecutionOrderSort2 (0ms)
			AwakeInstancesAfterBackupRestoration (6ms)
Platform modules already initialized, skipping
Refreshing native plugins compatible for Editor in 0.75 ms, found 7 plugins.
Preloading 0 native plugins for Editor in 0.00 ms.
Unloading 4453 Unused Serialized files (Serialized files now loaded: 0)
System memory in use before: 172.3 MB.
System memory in use after: 172.2 MB.

Unloading 30 unused Assets to reduce memory usage. Loaded Objects now: 5014.
Total: 3.297400 ms (FindLiveObjects: 0.321100 ms CreateObjectMapping: 0.179700 ms MarkObjects: 2.579600 ms  DeleteObjects: 0.216000 ms)

AssetImportParameters requested are different than current active one (requested -> active):
  custom:framework-win-MediaFoundation: 216162199b28c13a410421893ffa2e32 -> 
  custom:video-decoder-ogg-theora: a1e56fd34408186e4bbccfd4996cb3dc -> 
  custom:container-muxer-webm: aa71ff27fc2769a1b78a27578f13a17b -> 
  custom:container-demuxer-webm: 4f35f7cbe854078d1ac9338744f61a02 -> 
  custom:container-demuxer-ogg: 62fdf1f143b41e24485cea50d1cbac27 -> 
  custom:video-encoder-webm-vp8: eb34c28f22e8b96e1ab97ce403110664 -> 
  custom:video-decoder-webm-vp8: 9c59270c3fd7afecdb556c50c9e8de78 -> 
  custom:audio-decoder-ogg-vorbis: bf7c407c2cedff20999df2af8eb42d56 -> 
  custom:audio-encoder-webm-vorbis: bf7c407c2cedff20999df2af8eb42d56 -> 
========================================================================
Received Import Request.
  Time since last request: 607.052874 seconds.
  path: Assets/Assets/AssetsDio/arbol1.fbx
  artifactKey: Guid(161c40148a9778d40909f2eae043be7a) Importer(815301076,1909f56bfc062723c751e8b465ee728b)
Start importing Assets/Assets/AssetsDio/arbol1.fbx using Guid(161c40148a9778d40909f2eae043be7a) Importer(815301076,1909f56bfc062723c751e8b465ee728b)  -> (artifact id: '3936b1deb52b619456a07d9b08eba967') in 0.083987 seconds 
========================================================================
Received Import Request.
  Time since last request: 3.251343 seconds.
  path: Assets/Assets/Animaciones/Arbol 2 con.controller
  artifactKey: Guid(8f502df69f721404da061e133a6fb234) Importer(815301076,1909f56bfc062723c751e8b465ee728b)
Start importing Assets/Assets/Animaciones/Arbol 2 con.controller using Guid(8f502df69f721404da061e133a6fb234) Importer(815301076,1909f56bfc062723c751e8b465ee728b)  -> (artifact id: '3a2b9b594f841f9e14e02f7ffee52b2d') in 0.009346 seconds 
========================================================================
Received Import Request.
  Time since last request: 22.165227 seconds.
  path: Assets/Assets/AssetsDio/arbol2.fbx
  artifactKey: Guid(aacfce4359b8ab045b286e63a829757c) Importer(815301076,1909f56bfc062723c751e8b465ee728b)
Start importing Assets/Assets/AssetsDio/arbol2.fbx using Guid(aacfce4359b8ab045b286e63a829757c) Importer(815301076,1909f56bfc062723c751e8b465ee728b)  -> (artifact id: '939b75a14d3ea8c69fac353bdf213681') in 0.102067 seconds 
========================================================================
Received Import Request.
  Time since last request: 21.121425 seconds.
  path: Assets/Assets/Animaciones/Arbol 3 con.controller
  artifactKey: Guid(fb185e3e06953d64c8c6e64f5c1afaa9) Importer(815301076,1909f56bfc062723c751e8b465ee728b)
Start importing Assets/Assets/Animaciones/Arbol 3 con.controller using Guid(fb185e3e06953d64c8c6e64f5c1afaa9) Importer(815301076,1909f56bfc062723c751e8b465ee728b)  -> (artifact id: '1b112f0c143f6310aca8ea6828abcaea') in 0.014842 seconds 
========================================================================
Received Import Request.
  Time since last request: 10.204974 seconds.
  path: Assets/Assets/Animaciones/arbol 4 con.controller
  artifactKey: Guid(bd1820d6dc06f0241acc876da51b6ee7) Importer(815301076,1909f56bfc062723c751e8b465ee728b)
Start importing Assets/Assets/Animaciones/arbol 4 con.controller using Guid(bd1820d6dc06f0241acc876da51b6ee7) Importer(815301076,1909f56bfc062723c751e8b465ee728b)  -> (artifact id: '694f2500a5672ad2dc98be0a5fad2845') in 0.018850 seconds 
========================================================================
Received Import Request.
  Time since last request: 6.376083 seconds.
  path: Assets/Assets/AssetsDio/arbol4.fbx
  artifactKey: Guid(26b810737eb202343a70ca69ce8e210c) Importer(815301076,1909f56bfc062723c751e8b465ee728b)
Start importing Assets/Assets/AssetsDio/arbol4.fbx using Guid(26b810737eb202343a70ca69ce8e210c) Importer(815301076,1909f56bfc062723c751e8b465ee728b)  -> (artifact id: 'cbb5bb5506ffb94d81e85cbdf2d9b564') in 0.116806 seconds 
========================================================================
Received Import Request.
  Time since last request: 46.577726 seconds.
  path: Assets/Assets/Animaciones/arbol 5 con.controller
  artifactKey: Guid(81bf021ed3e10b34ab994ee18dbdea7a) Importer(815301076,1909f56bfc062723c751e8b465ee728b)
Start importing Assets/Assets/Animaciones/arbol 5 con.controller using Guid(81bf021ed3e10b34ab994ee18dbdea7a) Importer(815301076,1909f56bfc062723c751e8b465ee728b)  -> (artifact id: 'bfe53aa1242366fec33019860b018123') in 0.021371 seconds 
========================================================================
Received Prepare
Registering precompiled user dll's ...
Registered in 0.128627 seconds.
Begin MonoManager ReloadAssembly
Symbol file LoadedFromMemory doesn't match image C:\Users\USUARIO\Documents\Prog Forest\Diorama 1\Library\PackageCache\com.unity.visualscripting@1.7.6\Editor\VisualScripting.Core\Dependencies\YamlDotNet\Unity.VisualScripting.YamlDotNet.dll
Symbol file LoadedFromMemory doesn't match image C:\Users\USUARIO\Documents\Prog Forest\Diorama 1\Library\PackageCache\com.unity.visualscripting@1.7.6\Editor\VisualScripting.Core\Dependencies\DotNetZip\Unity.VisualScripting.IonicZip.dll
Native extension for WindowsStandalone target not found
Native extension for OSXStandalone target not found
Refreshing native plugins compatible for Editor in 0.77 ms, found 7 plugins.
Preloading 0 native plugins for Editor in 0.00 ms.
Mono: successfully reloaded assembly
- Completed reload, in  1.328 seconds
Domain Reload Profiling:
	ReloadAssembly (1329ms)
		BeginReloadAssembly (139ms)
			ExecutionOrderSort (0ms)
			DisableScriptedObjects (4ms)
			BackupInstance (0ms)
			ReleaseScriptingObjects (0ms)
			CreateAndSetChildDomain (46ms)
		EndReloadAssembly (1126ms)
			LoadAssemblies (106ms)
			RebuildTransferFunctionScriptingTraits (0ms)
			SetupTypeCache (403ms)
			ReleaseScriptCaches (2ms)
			RebuildScriptCaches (58ms)
			SetupLoadedEditorAssemblies (457ms)
				LogAssemblyErrors (0ms)
				InitializePlatformSupportModulesInManaged (6ms)
				SetLoadedEditorAssemblies (0ms)
				RefreshPlugins (1ms)
				BeforeProcessingInitializeOnLoad (76ms)
				ProcessInitializeOnLoadAttributes (357ms)
				ProcessInitializeOnLoadMethodAttributes (10ms)
				AfterProcessingInitializeOnLoad (6ms)
				EditorAssembliesLoaded (0ms)
			ExecutionOrderSort2 (0ms)
			AwakeInstancesAfterBackupRestoration (9ms)
Platform modules already initialized, skipping
Refreshing native plugins compatible for Editor in 1.26 ms, found 7 plugins.
Preloading 0 native plugins for Editor in 0.00 ms.
Unloading 4453 Unused Serialized files (Serialized files now loaded: 0)
System memory in use before: 172.3 MB.
System memory in use after: 172.3 MB.

Unloading 30 unused Assets to reduce memory usage. Loaded Objects now: 5029.
Total: 4.473800 ms (FindLiveObjects: 0.331100 ms CreateObjectMapping: 0.214500 ms MarkObjects: 3.641900 ms  DeleteObjects: 0.285100 ms)

AssetImportParameters requested are different than current active one (requested -> active):
  custom:framework-win-MediaFoundation: 216162199b28c13a410421893ffa2e32 -> 
  custom:video-decoder-ogg-theora: a1e56fd34408186e4bbccfd4996cb3dc -> 
  custom:container-muxer-webm: aa71ff27fc2769a1b78a27578f13a17b -> 
  custom:container-demuxer-webm: 4f35f7cbe854078d1ac9338744f61a02 -> 
  custom:container-demuxer-ogg: 62fdf1f143b41e24485cea50d1cbac27 -> 
  custom:video-encoder-webm-vp8: eb34c28f22e8b96e1ab97ce403110664 -> 
  custom:video-decoder-webm-vp8: 9c59270c3fd7afecdb556c50c9e8de78 -> 
  custom:audio-decoder-ogg-vorbis: bf7c407c2cedff20999df2af8eb42d56 -> 
  custom:audio-encoder-webm-vorbis: bf7c407c2cedff20999df2af8eb42d56 -> 
========================================================================
Received Import Request.
  Time since last request: 47.311187 seconds.
  path: Assets/Assets/AssetsDio/arbol5.fbx
  artifactKey: Guid(778fb8c475c52934f9bbbdaf650ecff6) Importer(815301076,1909f56bfc062723c751e8b465ee728b)
Start importing Assets/Assets/AssetsDio/arbol5.fbx using Guid(778fb8c475c52934f9bbbdaf650ecff6) Importer(815301076,1909f56bfc062723c751e8b465ee728b)  -> (artifact id: 'd8d9a73b60c268362bd32e9b9b4b8af2') in 0.103884 seconds 
========================================================================
Received Import Request.
  Time since last request: 75.299344 seconds.
  path: Assets/Assets/Animaciones/Gnomo Con.controller
  artifactKey: Guid(7f8f83d574238a0439e443663114f1e6) Importer(815301076,1909f56bfc062723c751e8b465ee728b)
Start importing Assets/Assets/Animaciones/Gnomo Con.controller using Guid(7f8f83d574238a0439e443663114f1e6) Importer(815301076,1909f56bfc062723c751e8b465ee728b)  -> (artifact id: '521366fc9669bc3aadee0ea60f454642') in 0.013871 seconds 
========================================================================
Received Prepare
Registering precompiled user dll's ...
Registered in 0.005743 seconds.
Begin MonoManager ReloadAssembly
Symbol file LoadedFromMemory doesn't match image C:\Users\USUARIO\Documents\Prog Forest\Diorama 1\Library\PackageCache\com.unity.visualscripting@1.7.6\Editor\VisualScripting.Core\Dependencies\YamlDotNet\Unity.VisualScripting.YamlDotNet.dll
Symbol file LoadedFromMemory doesn't match image C:\Users\USUARIO\Documents\Prog Forest\Diorama 1\Library\PackageCache\com.unity.visualscripting@1.7.6\Editor\VisualScripting.Core\Dependencies\DotNetZip\Unity.VisualScripting.IonicZip.dll
Native extension for WindowsStandalone target not found
Native extension for OSXStandalone target not found
Refreshing native plugins compatible for Editor in 0.74 ms, found 7 plugins.
Preloading 0 native plugins for Editor in 0.00 ms.
Mono: successfully reloaded assembly
- Completed reload, in  1.049 seconds
Domain Reload Profiling:
	ReloadAssembly (1049ms)
		BeginReloadAssembly (117ms)
			ExecutionOrderSort (0ms)
			DisableScriptedObjects (4ms)
			BackupInstance (0ms)
			ReleaseScriptingObjects (0ms)
			CreateAndSetChildDomain (35ms)
		EndReloadAssembly (876ms)
			LoadAssemblies (93ms)
			RebuildTransferFunctionScriptingTraits (0ms)
			SetupTypeCache (352ms)
			ReleaseScriptCaches (1ms)
			RebuildScriptCaches (47ms)
			SetupLoadedEditorAssemblies (297ms)
				LogAssemblyErrors (0ms)
				InitializePlatformSupportModulesInManaged (5ms)
				SetLoadedEditorAssemblies (0ms)
				RefreshPlugins (1ms)
				BeforeProcessingInitializeOnLoad (68ms)
				ProcessInitializeOnLoadAttributes (208ms)
				ProcessInitializeOnLoadMethodAttributes (9ms)
				AfterProcessingInitializeOnLoad (6ms)
				EditorAssembliesLoaded (0ms)
			ExecutionOrderSort2 (0ms)
			AwakeInstancesAfterBackupRestoration (7ms)
Platform modules already initialized, skipping
Refreshing native plugins compatible for Editor in 0.87 ms, found 7 plugins.
Preloading 0 native plugins for Editor in 0.00 ms.
Unloading 4453 Unused Serialized files (Serialized files now loaded: 0)
System memory in use before: 172.4 MB.
System memory in use after: 172.3 MB.

Unloading 30 unused Assets to reduce memory usage. Loaded Objects now: 5044.
Total: 3.215400 ms (FindLiveObjects: 0.296600 ms CreateObjectMapping: 0.161100 ms MarkObjects: 2.557800 ms  DeleteObjects: 0.199200 ms)

AssetImportParameters requested are different than current active one (requested -> active):
  custom:framework-win-MediaFoundation: 216162199b28c13a410421893ffa2e32 -> 
  custom:video-decoder-ogg-theora: a1e56fd34408186e4bbccfd4996cb3dc -> 
  custom:container-muxer-webm: aa71ff27fc2769a1b78a27578f13a17b -> 
  custom:container-demuxer-webm: 4f35f7cbe854078d1ac9338744f61a02 -> 
  custom:container-demuxer-ogg: 62fdf1f143b41e24485cea50d1cbac27 -> 
  custom:video-encoder-webm-vp8: eb34c28f22e8b96e1ab97ce403110664 -> 
  custom:video-decoder-webm-vp8: 9c59270c3fd7afecdb556c50c9e8de78 -> 
  custom:audio-decoder-ogg-vorbis: bf7c407c2cedff20999df2af8eb42d56 -> 
  custom:audio-encoder-webm-vorbis: bf7c407c2cedff20999df2af8eb42d56 -> 
========================================================================
Received Import Request.
  Time since last request: 11.033105 seconds.
  path: Assets/Assets/AssetsDio/gnomo.fbx
  artifactKey: Guid(7d77b3885287c064497c62d05e8b56b1) Importer(815301076,1909f56bfc062723c751e8b465ee728b)
Start importing Assets/Assets/AssetsDio/gnomo.fbx using Guid(7d77b3885287c064497c62d05e8b56b1) Importer(815301076,1909f56bfc062723c751e8b465ee728b)  -> (artifact id: 'e60a24e90a8d7683632a9dc49b0d9614') in 0.083151 seconds 
========================================================================
Received Prepare
Registering precompiled user dll's ...
Registered in 0.005967 seconds.
Begin MonoManager ReloadAssembly
Symbol file LoadedFromMemory doesn't match image C:\Users\USUARIO\Documents\Prog Forest\Diorama 1\Library\PackageCache\com.unity.visualscripting@1.7.6\Editor\VisualScripting.Core\Dependencies\YamlDotNet\Unity.VisualScripting.YamlDotNet.dll
Symbol file LoadedFromMemory doesn't match image C:\Users\USUARIO\Documents\Prog Forest\Diorama 1\Library\PackageCache\com.unity.visualscripting@1.7.6\Editor\VisualScripting.Core\Dependencies\DotNetZip\Unity.VisualScripting.IonicZip.dll
Native extension for WindowsStandalone target not found
Native extension for OSXStandalone target not found
Refreshing native plugins compatible for Editor in 0.73 ms, found 7 plugins.
Preloading 0 native plugins for Editor in 0.00 ms.
Mono: successfully reloaded assembly
- Completed reload, in  1.056 seconds
Domain Reload Profiling:
	ReloadAssembly (1056ms)
		BeginReloadAssembly (122ms)
			ExecutionOrderSort (0ms)
			DisableScriptedObjects (4ms)
			BackupInstance (0ms)
			ReleaseScriptingObjects (0ms)
			CreateAndSetChildDomain (38ms)
		EndReloadAssembly (877ms)
			LoadAssemblies (91ms)
			RebuildTransferFunctionScriptingTraits (0ms)
			SetupTypeCache (356ms)
			ReleaseScriptCaches (1ms)
			RebuildScriptCaches (47ms)
			SetupLoadedEditorAssemblies (297ms)
				LogAssemblyErrors (0ms)
				InitializePlatformSupportModulesInManaged (5ms)
				SetLoadedEditorAssemblies (0ms)
				RefreshPlugins (1ms)
				BeforeProcessingInitializeOnLoad (67ms)
				ProcessInitializeOnLoadAttributes (210ms)
				ProcessInitializeOnLoadMethodAttributes (9ms)
				AfterProcessingInitializeOnLoad (5ms)
				EditorAssembliesLoaded (0ms)
			ExecutionOrderSort2 (0ms)
			AwakeInstancesAfterBackupRestoration (6ms)
Platform modules already initialized, skipping
Refreshing native plugins compatible for Editor in 0.73 ms, found 7 plugins.
Preloading 0 native plugins for Editor in 0.00 ms.
Unloading 4453 Unused Serialized files (Serialized files now loaded: 0)
System memory in use before: 172.2 MB.
System memory in use after: 172.1 MB.

Unloading 30 unused Assets to reduce memory usage. Loaded Objects now: 5059.
Total: 3.647000 ms (FindLiveObjects: 0.336300 ms CreateObjectMapping: 0.209100 ms MarkObjects: 2.872900 ms  DeleteObjects: 0.227800 ms)

AssetImportParameters requested are different than current active one (requested -> active):
  custom:framework-win-MediaFoundation: 216162199b28c13a410421893ffa2e32 -> 
  custom:video-decoder-ogg-theora: a1e56fd34408186e4bbccfd4996cb3dc -> 
  custom:container-muxer-webm: aa71ff27fc2769a1b78a27578f13a17b -> 
  custom:container-demuxer-webm: 4f35f7cbe854078d1ac9338744f61a02 -> 
  custom:container-demuxer-ogg: 62fdf1f143b41e24485cea50d1cbac27 -> 
  custom:video-encoder-webm-vp8: eb34c28f22e8b96e1ab97ce403110664 -> 
  custom:video-decoder-webm-vp8: 9c59270c3fd7afecdb556c50c9e8de78 -> 
  custom:audio-decoder-ogg-vorbis: bf7c407c2cedff20999df2af8eb42d56 -> 
  custom:audio-encoder-webm-vorbis: bf7c407c2cedff20999df2af8eb42d56 -> 
========================================================================
Received Import Request.
  Time since last request: 65.602955 seconds.
  path: Assets/Assets/AssetsDio/gnomo.fbx
  artifactKey: Guid(7d77b3885287c064497c62d05e8b56b1) Importer(815301076,1909f56bfc062723c751e8b465ee728b)
Start importing Assets/Assets/AssetsDio/gnomo.fbx using Guid(7d77b3885287c064497c62d05e8b56b1) Importer(815301076,1909f56bfc062723c751e8b465ee728b)  -> (artifact id: '4bb03e76eef9c056b4480ff7af4e8ab7') in 0.085748 seconds 
========================================================================
Received Import Request.
  Time since last request: 308.330495 seconds.
  path: Assets/Assets/ShaderGraph/New Material.mat
  artifactKey: Guid(40c4c06d4dcdf644d98267fecfbba456) Importer(815301076,1909f56bfc062723c751e8b465ee728b)
Start importing Assets/Assets/ShaderGraph/New Material.mat using Guid(40c4c06d4dcdf644d98267fecfbba456) Importer(815301076,1909f56bfc062723c751e8b465ee728b)  -> (artifact id: '34272537f4ae8ba9eb295785685ec579') in 0.042624 seconds 
========================================================================
Received Import Request.
  Time since last request: 658.419175 seconds.
  path: Assets/Assets/ShaderGraph/New Shader Graph.shadergraph
  artifactKey: Guid(74c94574b353e4d499b9c048068f5315) Importer(815301076,1909f56bfc062723c751e8b465ee728b)
Start importing Assets/Assets/ShaderGraph/New Shader Graph.shadergraph using Guid(74c94574b353e4d499b9c048068f5315) Importer(815301076,1909f56bfc062723c751e8b465ee728b)  -> (artifact id: '6722f2db95bf41289ab1c847f6e34ceb') in 0.010230 seconds 
========================================================================
Received Import Request.
  Time since last request: 823.720421 seconds.
  path: Assets/Assets/ShaderGraph/mat 1 SG.mat
  artifactKey: Guid(40c4c06d4dcdf644d98267fecfbba456) Importer(815301076,1909f56bfc062723c751e8b465ee728b)
Start importing Assets/Assets/ShaderGraph/mat 1 SG.mat using Guid(40c4c06d4dcdf644d98267fecfbba456) Importer(815301076,1909f56bfc062723c751e8b465ee728b)  -> (artifact id: 'db11b6ec6dfc7acba1ee3d8a4e84bd19') in 0.042194 seconds 
========================================================================
Received Prepare
Registering precompiled user dll's ...
Registered in 0.052340 seconds.
Begin MonoManager ReloadAssembly
Symbol file LoadedFromMemory doesn't match image C:\Users\USUARIO\Documents\Prog Forest\Diorama 1\Library\PackageCache\com.unity.visualscripting@1.7.6\Editor\VisualScripting.Core\Dependencies\YamlDotNet\Unity.VisualScripting.YamlDotNet.dll
Symbol file LoadedFromMemory doesn't match image C:\Users\USUARIO\Documents\Prog Forest\Diorama 1\Library\PackageCache\com.unity.visualscripting@1.7.6\Editor\VisualScripting.Core\Dependencies\DotNetZip\Unity.VisualScripting.IonicZip.dll
Native extension for WindowsStandalone target not found
Native extension for OSXStandalone target not found
Refreshing native plugins compatible for Editor in 0.80 ms, found 7 plugins.
Preloading 0 native plugins for Editor in 0.00 ms.
Mono: successfully reloaded assembly
- Completed reload, in  1.112 seconds
Domain Reload Profiling:
	ReloadAssembly (1113ms)
		BeginReloadAssembly (140ms)
			ExecutionOrderSort (0ms)
			DisableScriptedObjects (5ms)
			BackupInstance (0ms)
			ReleaseScriptingObjects (0ms)
			CreateAndSetChildDomain (55ms)
		EndReloadAssembly (916ms)
			LoadAssemblies (107ms)
			RebuildTransferFunctionScriptingTraits (0ms)
			SetupTypeCache (367ms)
			ReleaseScriptCaches (1ms)
			RebuildScriptCaches (50ms)
			SetupLoadedEditorAssemblies (302ms)
				LogAssemblyErrors (0ms)
				InitializePlatformSupportModulesInManaged (5ms)
				SetLoadedEditorAssemblies (0ms)
				RefreshPlugins (1ms)
				BeforeProcessingInitializeOnLoad (71ms)
				ProcessInitializeOnLoadAttributes (209ms)
				ProcessInitializeOnLoadMethodAttributes (9ms)
				AfterProcessingInitializeOnLoad (6ms)
				EditorAssembliesLoaded (0ms)
			ExecutionOrderSort2 (0ms)
			AwakeInstancesAfterBackupRestoration (6ms)
Platform modules already initialized, skipping
Shader 'Universal Render Pipeline/Nature/SpeedTree7': dependency 'BillboardShader' shader 'Universal Render Pipeline/Nature/SpeedTree7 Billboard' not found
Shader 'Universal Render Pipeline/Baked Lit': fallback shader 'Universal Render Pipeline/Unlit' not found
Shader 'Universal Render Pipeline/Simple Lit': fallback shader 'Hidden/Universal Render Pipeline/FallbackError' not found
Shader 'Universal Render Pipeline/Terrain/Lit': fallback shader 'Hidden/Universal Render Pipeline/FallbackError' not found
Shader 'Universal Render Pipeline/Terrain/Lit': dependency 'AddPassShader' shader 'Hidden/Universal Render Pipeline/Terrain/Lit (Add Pass)' not found
Shader 'Universal Render Pipeline/Terrain/Lit': dependency 'BaseMapShader' shader 'Hidden/Universal Render Pipeline/Terrain/Lit (Base Pass)' not found
Shader 'Universal Render Pipeline/Terrain/Lit': dependency 'BaseMapGenShader' shader 'Hidden/Universal Render Pipeline/Terrain/Lit (Basemap Gen)' not found
Shader 'Hidden/Universal Render Pipeline/Terrain/Lit (Add Pass)': fallback shader 'Hidden/Universal Render Pipeline/FallbackError' not found
Shader 'Hidden/Universal Render Pipeline/Terrain/Lit (Base Pass)': fallback shader 'Hidden/Universal Render Pipeline/FallbackError' not found
Refreshing native plugins compatible for Editor in 0.89 ms, found 7 plugins.
Preloading 0 native plugins for Editor in 0.00 ms.
Unloading 4922 Unused Serialized files (Serialized files now loaded: 0)
System memory in use before: 200.9 MB.
System memory in use after: 196.7 MB.

Unloading 80 unused Assets to reduce memory usage. Loaded Objects now: 5493.
Total: 5.458500 ms (FindLiveObjects: 0.546700 ms CreateObjectMapping: 0.316000 ms MarkObjects: 3.025400 ms  DeleteObjects: 1.569500 ms)

AssetImportParameters requested are different than current active one (requested -> active):
  custom:framework-win-MediaFoundation: 216162199b28c13a410421893ffa2e32 -> 
  custom:video-decoder-ogg-theora: a1e56fd34408186e4bbccfd4996cb3dc -> 
  custom:container-muxer-webm: aa71ff27fc2769a1b78a27578f13a17b -> 
  custom:container-demuxer-webm: 4f35f7cbe854078d1ac9338744f61a02 -> 
  custom:container-demuxer-ogg: 62fdf1f143b41e24485cea50d1cbac27 -> 
  custom:video-encoder-webm-vp8: eb34c28f22e8b96e1ab97ce403110664 -> 
  custom:video-decoder-webm-vp8: 9c59270c3fd7afecdb556c50c9e8de78 -> 
  custom:audio-decoder-ogg-vorbis: bf7c407c2cedff20999df2af8eb42d56 -> 
  custom:audio-encoder-webm-vorbis: bf7c407c2cedff20999df2af8eb42d56 -> 
========================================================================
Received Import Request.
  Time since last request: 935.907569 seconds.
  path: Assets/Assets/arana.fbx
  artifactKey: Guid(11630a37a66e0ae49b324e441a049003) Importer(815301076,1909f56bfc062723c751e8b465ee728b)
Start importing Assets/Assets/arana.fbx using Guid(11630a37a66e0ae49b324e441a049003) Importer(815301076,1909f56bfc062723c751e8b465ee728b)  -> (artifact id: '04db044e3e77187e8b2e7bebc9e979ba') in 0.104412 seconds 
========================================================================
Received Import Request.
  Time since last request: 1.952036 seconds.
  path: Assets/Assets/AssetsDio/arbol1.fbx
  artifactKey: Guid(161c40148a9778d40909f2eae043be7a) Importer(815301076,1909f56bfc062723c751e8b465ee728b)
Start importing Assets/Assets/AssetsDio/arbol1.fbx using Guid(161c40148a9778d40909f2eae043be7a) Importer(815301076,1909f56bfc062723c751e8b465ee728b)  -> (artifact id: 'fb36eaf98e5c4d248b0cf189b0fea158') in 0.023729 seconds 
========================================================================
Received Import Request.
  Time since last request: 0.000218 seconds.
  path: Assets/Assets/AssetsDio/arbol2.fbx
  artifactKey: Guid(aacfce4359b8ab045b286e63a829757c) Importer(815301076,1909f56bfc062723c751e8b465ee728b)
Start importing Assets/Assets/AssetsDio/arbol2.fbx using Guid(aacfce4359b8ab045b286e63a829757c) Importer(815301076,1909f56bfc062723c751e8b465ee728b)  -> (artifact id: '8de2643af41d2733e9322c3450f12d1a') in 0.026023 seconds 
========================================================================
Received Import Request.
  Time since last request: 0.000178 seconds.
  path: Assets/Assets/AssetsDio/arbol3.fbx
  artifactKey: Guid(11d2bda368d46f549a7235ad036876e7) Importer(815301076,1909f56bfc062723c751e8b465ee728b)
Start importing Assets/Assets/AssetsDio/arbol3.fbx using Guid(11d2bda368d46f549a7235ad036876e7) Importer(815301076,1909f56bfc062723c751e8b465ee728b)  -> (artifact id: '91f7ba67eae4bb1704aa1d8996eed23a') in 0.063815 seconds 
========================================================================
Received Import Request.
  Time since last request: 5.751846 seconds.
  path: Assets/Assets/materiales/bicho.mat
  artifactKey: Guid(d30a9c7c67d025b4980e5979aba50f9e) Importer(815301076,1909f56bfc062723c751e8b465ee728b)
Start importing Assets/Assets/materiales/bicho.mat using Guid(d30a9c7c67d025b4980e5979aba50f9e) Importer(815301076,1909f56bfc062723c751e8b465ee728b)  -> (artifact id: 'cf47b055a2ce4f6aa9a8dc198f8ce351') in 0.023587 seconds 
========================================================================
Received Import Request.
  Time since last request: 0.000254 seconds.
  path: Assets/Assets/materiales/caracoles.mat
  artifactKey: Guid(8b8b00a66cbe10c4799f5a3170b7ee0b) Importer(815301076,1909f56bfc062723c751e8b465ee728b)
Start importing Assets/Assets/materiales/caracoles.mat using Guid(8b8b00a66cbe10c4799f5a3170b7ee0b) Importer(815301076,1909f56bfc062723c751e8b465ee728b)  -> (artifact id: 'd9a25dcf4d73a89f09f64e55d3dd24b1') in 0.097836 seconds 
========================================================================
Received Import Request.
  Time since last request: 360.522759 seconds.
  path: Assets/Assets/ShaderGraph/New Material.mat
  artifactKey: Guid(723a7ac06541f4e4fbef56a8d9aef0a3) Importer(815301076,1909f56bfc062723c751e8b465ee728b)
Start importing Assets/Assets/ShaderGraph/New Material.mat using Guid(723a7ac06541f4e4fbef56a8d9aef0a3) Importer(815301076,1909f56bfc062723c751e8b465ee728b)  -> (artifact id: '01401f1b8f5198ea8936b67035d20a92') in 0.018855 seconds 
========================================================================
Received Import Request.
  Time since last request: 28.679668 seconds.
  path: Assets/Assets/ShaderGraph/New Material 1.mat
  artifactKey: Guid(cea573d0e220f4b4e965cab8912a201f) Importer(815301076,1909f56bfc062723c751e8b465ee728b)
Start importing Assets/Assets/ShaderGraph/New Material 1.mat using Guid(cea573d0e220f4b4e965cab8912a201f) Importer(815301076,1909f56bfc062723c751e8b465ee728b)  -> (artifact id: '5da67b5a04238771a25d92db2d065ff4') in 0.019824 seconds 
========================================================================
Received Import Request.
  Time since last request: 145.801002 seconds.
  path: Assets/Assets/ShaderGraph/New Material.mat
  artifactKey: Guid(723a7ac06541f4e4fbef56a8d9aef0a3) Importer(815301076,1909f56bfc062723c751e8b465ee728b)
Start importing Assets/Assets/ShaderGraph/New Material.mat using Guid(723a7ac06541f4e4fbef56a8d9aef0a3) Importer(815301076,1909f56bfc062723c751e8b465ee728b)  -> (artifact id: 'e9a3e67f4adbe34c325d69abfff19769') in 0.015753 seconds 
========================================================================
Received Import Request.
  Time since last request: 85.909473 seconds.
  path: Assets/Assets/ShaderGraph/aerial_rocks_02_disp_4k.png
  artifactKey: Guid(bcf136639e46685449eb783d82d6e494) Importer(815301076,1909f56bfc062723c751e8b465ee728b)
Start importing Assets/Assets/ShaderGraph/aerial_rocks_02_disp_4k.png using Guid(bcf136639e46685449eb783d82d6e494) Importer(815301076,1909f56bfc062723c751e8b465ee728b)  -> (artifact id: '62f9a4b0b48a3f2641a4cf0976f7faf2') in 0.035582 seconds 
========================================================================
Received Import Request.
  Time since last request: 152.081562 seconds.
  path: Assets/Assets/ShaderGraph/New Material.mat
  artifactKey: Guid(723a7ac06541f4e4fbef56a8d9aef0a3) Importer(815301076,1909f56bfc062723c751e8b465ee728b)
Start importing Assets/Assets/ShaderGraph/New Material.mat using Guid(723a7ac06541f4e4fbef56a8d9aef0a3) Importer(815301076,1909f56bfc062723c751e8b465ee728b)  -> (artifact id: '1a4262d6caabca50f4ba45b84f7e8ca2') in 0.016191 seconds 
AssetImportWorkerClient::OnTransportError - code=2 error=End of file
